<?xml version="1.0" encoding="UTF-8"?>
<testng-results ignored="0" total="1" passed="1" failed="0" skipped="0">
  <reporter-output>
  </reporter-output>
  <suite started-at="2022-10-18T20:40:52 IST" name="Surefire suite" finished-at="2022-10-18T20:40:59 IST" duration-ms="6343">
    <groups>
    </groups>
    <test started-at="2022-10-18T20:40:52 IST" name="Surefire test" finished-at="2022-10-18T20:40:59 IST" duration-ms="6343">
      <class name="QA1.mavenJava2.UTTest">
        <test-method signature="startBrowser()[pri:0, instance:QA1.mavenJava2.UTTest@2fd1433e]" started-at="2022-10-18T20:40:52 IST" name="startBrowser" finished-at="2022-10-18T20:40:59 IST" duration-ms="6307" status="PASS">
          <reporter-output>
          </reporter-output>
        </test-method> <!-- startBrowser -->
      </class> <!-- QA1.mavenJava2.UTTest -->
    </test> <!-- Surefire test -->
  </suite> <!-- Surefire suite -->
</testng-results>
